[debug] [2022-08-01T02:54:54.670Z] ----------------------------------------------------------------------
[debug] [2022-08-01T02:54:54.671Z] Command:       C:\Program Files\nodejs\node.exe C:\Users\naty_\AppData\Roaming\npm\node_modules\firebase-tools\lib\bin\firebase.js init
[debug] [2022-08-01T02:54:54.672Z] CLI Version:   11.4.0
[debug] [2022-08-01T02:54:54.672Z] Platform:      win32
[debug] [2022-08-01T02:54:54.672Z] Node Version:  v16.14.0
[debug] [2022-08-01T02:54:54.672Z] Time:          Sun Jul 31 2022 23:54:54 GMT-0300 (hora estándar de Argentina)
[debug] [2022-08-01T02:54:54.673Z] ----------------------------------------------------------------------
[debug] 
[debug] [2022-08-01T02:54:54.721Z] > command requires scopes: ["email","openid","https://www.googleapis.com/auth/cloudplatformprojects.readonly","https://www.googleapis.com/auth/firebase","https://www.googleapis.com/auth/cloud-platform"]
[debug] [2022-08-01T02:54:54.722Z] > authorizing via signed-in user (nataliaespinosa6@gmail.com)
[info] 
     ######## #### ########  ######## ########     ###     ######  ########
     ##        ##  ##     ## ##       ##     ##  ##   ##  ##       ##
     ######    ##  ########  ######   ########  #########  ######  ######
     ##        ##  ##    ##  ##       ##     ## ##     ##       ## ##
     ##       #### ##     ## ######## ########  ##     ##  ######  ########

You're about to initialize a Firebase project in this directory:

  C:\Users\naty_\OneDrive\Escritorio\Argentina Programa\proyectoIntegradorAP_EspinosaNatalia\Frontend

Before we get started, keep in mind:

  * You are initializing within an existing Firebase project directory

[info] 
=== Project Setup
[info] 
[info] First, let's associate this project directory with a Firebase project.
[info] You can create multiple project aliases by running firebase use --add, 
[info] but for now we'll just set up a default project.
[info] 
[debug] [2022-08-01T02:55:01.724Z] Using project from CLI flag: nataliaespinosa-ap
[debug] [2022-08-01T02:55:01.737Z] >>> [apiv2][query] GET https://firebase.googleapis.com/v1beta1/projects/nataliaespinosa-ap [none]
[debug] [2022-08-01T02:55:02.731Z] <<< [apiv2][status] GET https://firebase.googleapis.com/v1beta1/projects/nataliaespinosa-ap 200
[debug] [2022-08-01T02:55:02.731Z] <<< [apiv2][body] GET https://firebase.googleapis.com/v1beta1/projects/nataliaespinosa-ap {"projectId":"nataliaespinosa-ap","projectNumber":"674492446108","displayName":"nataliaespinosa-ap","name":"projects/nataliaespinosa-ap","resources":{"hostingSite":"nataliaespinosa-ap"},"state":"ACTIVE","etag":"1_ea6ea7e1-47e4-43d3-9ea2-8f8a4ac151a3"}
[info] i  Using project nataliaespinosa-ap (nataliaespinosa-ap) 
[info] 
=== Hosting Setup
[info] 
[info] Your public directory is the folder (relative to your project directory) that
[info] will contain Hosting assets to be uploaded with firebase deploy. If you
[info] have a build process for your assets, use your build's output directory.
[info] 
